Сборка начата 23.12.2018 12:30:57.
     1>Проект "C:\Users\Мария\Desktop\C++\MyDate\MyDate\MyDate.vcxproj" в узле 2 (целевые объекты Build).
     1>ClCompile:
         C:\Program Files (x86)\Microsoft Visual Studio 12.0\VC\bin\CL.exe /c /ZI /nologo /W3 /WX- /Od /Oy- /D WIN32 /D _DEBUG /D _CONSOLE /D _LIB /D _UNICODE /D UNICODE /Gm /EHsc /RTC1 /MDd /GS /fp:precise /Zc:wchar_t /Zc:forScope /Fo"Debug\\" /Fd"Debug\vc120.pdb" /Gd /TP /analyze- /errorReport:prompt Class_Date.cpp Employee.cpp Manager.cpp MyDate.cpp stdafx.cpp Supervisor.cpp
         Supervisor.cpp
     1>c:\users\мария\desktop\c++\mydate\mydate\supervisor.cpp(20): warning C4018: <: несоответствие типов со знаком и без знака
         stdafx.cpp
         MyDate.cpp
         Manager.cpp
     1>c:\users\мария\desktop\c++\mydate\mydate\manager.cpp(22): warning C4018: <: несоответствие типов со знаком и без знака
     1>c:\users\мария\desktop\c++\mydate\mydate\manager.cpp(30): warning C4018: <: несоответствие типов со знаком и без знака
         Employee.cpp
         Class_Date.cpp
         Создание кода...
     1>c:\users\мария\desktop\c++\mydate\mydate\mydate.cpp(96): warning C4715: Date::operator>: значение возвращается не при всех путях выполнения
     1>c:\users\мария\desktop\c++\mydate\mydate\mydate.cpp(106): warning C4715: Date::operator<: значение возвращается не при всех путях выполнения
       Link:
         C:\Program Files (x86)\Microsoft Visual Studio 12.0\VC\bin\link.exe /ERRORREPORT:PROMPT /OUT:"C:\Users\Мария\Desktop\C++\MyDate\Debug\MyDate.exe" /INCREMENTAL /NOLOGO kernel32.lib user32.lib gdi32.lib winspool.lib comdlg32.lib advapi32.lib shell32.lib ole32.lib oleaut32.lib uuid.lib odbc32.lib odbccp32.lib /MANIFEST /MANIFESTUAC:"level='asInvoker' uiAccess='false'" /manifest:embed /DEBUG /PDB:"C:\Users\Мария\Desktop\C++\MyDate\Debug\MyDate.pdb" /SUBSYSTEM:CONSOLE /TLBID:1 /DYNAMICBASE /NXCOMPAT /IMPLIB:"C:\Users\Мария\Desktop\C++\MyDate\Debug\MyDate.lib" /MACHINE:X86 Debug\Class_Date.obj
         Debug\Employee.obj
         Debug\Manager.obj
         Debug\MyDate.obj
         Debug\stdafx.obj
         Debug\Supervisor.obj
         MyDate.vcxproj -> C:\Users\Мария\Desktop\C++\MyDate\Debug\MyDate.exe
     1>Сборка проекта "C:\Users\Мария\Desktop\C++\MyDate\MyDate\MyDate.vcxproj" завершена (целевые объекты Build).

Сборка успешно завершена.

Затраченное время: 00:00:07.77
